<?xml version="1.0" encoding="utf-8"?><testsuites name="pytest tests"><testsuite name="pytest" errors="0" failures="0" skipped="0" tests="10" time="0.060" timestamp="2026-07-01T17:42:21.475120+09:00" hostname="gimseung-uui-MacBookAir.local"><testcase classname="tests.program_device.test_led_bridge" name="test_R12_normalize_state[on-on]" time="0.000" /><testcase classname="tests.program_device.test_led_bridge" name="test_R12_normalize_state[active-on]" time="0.000" /><testcase classname="tests.program_device.test_led_bridge" name="test_R12_normalize_state[start-on]" time="0.000" /><testcase classname="tests.program_device.test_led_bridge" name="test_R12_normalize_state[off-off]" time="0.000" /><testcase classname="tests.program_device.test_led_bridge" name="test_R12_normalize_state[idle-off]" time="0.000" /><testcase classname="tests.program_device.test_led_bridge" name="test_R12_normalize_state[-off]" time="0.000" /><testcase classname="tests.program_device.test_led_bridge" name="test_R12_normalize_state[\uc544\ubb34\uac70\ub098-off]" time="0.000" /><testcase classname="tests.program_device.test_led_bridge" name="test_R12_device_to_led_mapping" time="0.000" /><testcase classname="tests.program_device.test_led_bridge" name="test_R12_handle_llm_output_builds_commands" time="0.000" /><testcase classname="tests.program_device.test_led_bridge" name="test_R12_handle_llm_output_no_controllable_device" time="0.000" /></testsuite></testsuites>