<?xml version="1.0" encoding="utf-8"?><testsuites name="pytest tests"><testsuite name="pytest" errors="0" failures="0" skipped="0" tests="12" time="0.530" timestamp="2026-07-01T19:41:47.551593+09:00" hostname="gimseung-uui-MacBookAir.local"><testcase classname="tests.program_backend.test_server" name="test_R05_health" time="0.007" /><testcase classname="tests.program_backend.test_server" name="test_R05_voices_lists_character_audio" time="0.001" /><testcase classname="tests.program_backend.test_server" name="test_R05_tts_synthesizes_wav_with_parsed_params" time="0.000" /><testcase classname="tests.program_backend.test_server" name="test_R05_tts_defaults_prosody_when_absent" time="0.000" /><testcase classname="tests.program_backend.test_server" name="test_R05_tts_missing_text_returns_400" time="0.000" /><testcase classname="tests.program_backend.test_server" name="test_R01_stt_transcribes_audio" time="0.000" /><testcase classname="tests.program_backend.test_server" name="test_R01_stt_empty_body_returns_400" time="0.000" /><testcase classname="tests.program_backend.test_server" name="test_R17_serves_spa_index_at_root" time="0.001" /><testcase classname="tests.program_backend.test_server" name="test_R17_serves_js_with_module_mime" time="0.000" /><testcase classname="tests.program_backend.test_server" name="test_R17_path_traversal_is_blocked" time="0.000" /><testcase classname="tests.program_backend.test_server" name="test_R17_cors_preflight" time="0.000" /><testcase classname="tests.program_backend.test_server" name="test_R17_unknown_post_path_404" time="0.502" /></testsuite></testsuites>